<?xml version="1.0" encoding="UTF-8"?>
<coverage generated="1691005435072" clover="3.2.0">
  <project timestamp="1691005435072" name="All files">
    <metrics statements="121" coveredstatements="113" conditionals="9" coveredconditionals="6" methods="25" coveredmethods="23" elements="155" coveredelements="142" complexity="0" loc="121" ncloc="121" packages="9" files="16" classes="16"/>
    <package name="src">
      <metrics statements="15" coveredstatements="15" conditionals="0" coveredconditionals="0" methods="2" coveredmethods="2"/>
      <file name="app.ts" path="/root/shawandpartners-backend-test/src/app.ts">
        <metrics statements="15" coveredstatements="15" conditionals="0" coveredconditionals="0" methods="2" coveredmethods="2"/>
        <line num="1" count="2" type="stmt"/>
        <line num="2" count="2" type="stmt"/>
        <line num="3" count="2" type="stmt"/>
        <line num="4" count="2" type="stmt"/>
        <line num="5" count="2" type="stmt"/>
        <line num="6" count="2" type="stmt"/>
        <line num="8" count="2" type="stmt"/>
        <line num="10" count="2" type="stmt"/>
        <line num="11" count="2" type="stmt"/>
        <line num="17" count="2" type="stmt"/>
        <line num="18" count="2" type="stmt"/>
        <line num="19" count="2" type="stmt"/>
        <line num="22" count="2" type="stmt"/>
        <line num="23" count="2" type="stmt"/>
        <line num="26" count="2" type="stmt"/>
      </file>
    </package>
    <package name="src.config">
      <metrics statements="5" coveredstatements="5" conditionals="0" coveredconditionals="0" methods="2" coveredmethods="2"/>
      <file name="database.ts" path="/root/shawandpartners-backend-test/src/config/database.ts">
        <metrics statements="5" coveredstatements="5" conditionals="0" coveredconditionals="0" methods="2" coveredmethods="2"/>
        <line num="1" count="2" type="stmt"/>
        <line num="5" count="2" type="stmt"/>
        <line num="6" count="2" type="stmt"/>
        <line num="9" count="2" type="stmt"/>
        <line num="10" count="2" type="stmt"/>
      </file>
    </package>
    <package name="src.controllers">
      <metrics statements="16" coveredstatements="16" conditionals="0" coveredconditionals="0" methods="2" coveredmethods="2"/>
      <file name="files.controller.ts" path="/root/shawandpartners-backend-test/src/controllers/files.controller.ts">
        <metrics statements="8" coveredstatements="8" conditionals="0" coveredconditionals="0" methods="1" coveredmethods="1"/>
        <line num="2" count="2" type="stmt"/>
        <line num="3" count="2" type="stmt"/>
        <line num="5" count="2" type="stmt"/>
        <line num="6" count="4" type="stmt"/>
        <line num="8" count="4" type="stmt"/>
        <line num="9" count="4" type="stmt"/>
        <line num="10" count="1" type="stmt"/>
        <line num="12" count="3" type="stmt"/>
      </file>
      <file name="users.controller.ts" path="/root/shawandpartners-backend-test/src/controllers/users.controller.ts">
        <metrics statements="8" coveredstatements="8" conditionals="0" coveredconditionals="0" methods="1" coveredmethods="1"/>
        <line num="2" count="2" type="stmt"/>
        <line num="3" count="2" type="stmt"/>
        <line num="5" count="2" type="stmt"/>
        <line num="6" count="3" type="stmt"/>
        <line num="8" count="3" type="stmt"/>
        <line num="9" count="3" type="stmt"/>
        <line num="10" count="1" type="stmt"/>
        <line num="12" count="2" type="stmt"/>
      </file>
    </package>
    <package name="src.errors">
      <metrics statements="10" coveredstatements="10" conditionals="0" coveredconditionals="0" methods="5" coveredmethods="5"/>
      <file name="empty-data.error.ts" path="/root/shawandpartners-backend-test/src/errors/empty-data.error.ts">
        <metrics statements="2" coveredstatements="2" conditionals="0" coveredconditionals="0" methods="1" coveredmethods="1"/>
        <line num="3" count="2" type="stmt"/>
        <line num="4" count="1" type="stmt"/>
      </file>
      <file name="empty-search.error.ts" path="/root/shawandpartners-backend-test/src/errors/empty-search.error.ts">
        <metrics statements="2" coveredstatements="2" conditionals="0" coveredconditionals="0" methods="1" coveredmethods="1"/>
        <line num="3" count="2" type="stmt"/>
        <line num="4" count="1" type="stmt"/>
      </file>
      <file name="file-not-found.error.ts" path="/root/shawandpartners-backend-test/src/errors/file-not-found.error.ts">
        <metrics statements="2" coveredstatements="2" conditionals="0" coveredconditionals="0" methods="1" coveredmethods="1"/>
        <line num="3" count="2" type="stmt"/>
        <line num="4" count="1" type="stmt"/>
      </file>
      <file name="invalid-file.error.ts" path="/root/shawandpartners-backend-test/src/errors/invalid-file.error.ts">
        <metrics statements="2" coveredstatements="2" conditionals="0" coveredconditionals="0" methods="1" coveredmethods="1"/>
        <line num="3" count="2" type="stmt"/>
        <line num="4" count="1" type="stmt"/>
      </file>
      <file name="invalid-term.error.ts" path="/root/shawandpartners-backend-test/src/errors/invalid-term.error.ts">
        <metrics statements="2" coveredstatements="2" conditionals="0" coveredconditionals="0" methods="1" coveredmethods="1"/>
        <line num="3" count="2" type="stmt"/>
        <line num="4" count="1" type="stmt"/>
      </file>
    </package>
    <package name="src.middlewares">
      <metrics statements="22" coveredstatements="14" conditionals="3" coveredconditionals="0" methods="8" coveredmethods="6"/>
      <file name="check-file.middleware.ts" path="/root/shawandpartners-backend-test/src/middlewares/check-file.middleware.ts">
        <metrics statements="10" coveredstatements="4" conditionals="3" coveredconditionals="0" methods="1" coveredmethods="0"/>
        <line num="1" count="2" type="stmt"/>
        <line num="3" count="2" type="stmt"/>
        <line num="5" count="2" type="stmt"/>
        <line num="7" count="2" type="stmt"/>
        <line num="8" count="0" type="stmt"/>
        <line num="9" count="0" type="cond" truecount="0" falsecount="1"/>
        <line num="11" count="0" type="cond" truecount="0" falsecount="1"/>
        <line num="12" count="0" type="cond" truecount="0" falsecount="1"/>
        <line num="15" count="0" type="stmt"/>
        <line num="17" count="0" type="stmt"/>
      </file>
      <file name="error-handling.middleware.ts" path="/root/shawandpartners-backend-test/src/middlewares/error-handling.middleware.ts">
        <metrics statements="12" coveredstatements="10" conditionals="0" coveredconditionals="0" methods="7" coveredmethods="6"/>
        <line num="3" count="2" type="stmt"/>
        <line num="5" count="2" type="stmt"/>
        <line num="7" count="0" type="stmt"/>
        <line num="13" count="1" type="stmt"/>
        <line num="20" count="1" type="stmt"/>
        <line num="27" count="1" type="stmt"/>
        <line num="34" count="1" type="stmt"/>
        <line num="41" count="1" type="stmt"/>
        <line num="48" count="2" type="stmt"/>
        <line num="49" count="5" type="stmt"/>
        <line num="50" count="5" type="stmt"/>
        <line num="52" count="0" type="stmt"/>
      </file>
    </package>
    <package name="src.repositories">
      <metrics statements="5" coveredstatements="5" conditionals="0" coveredconditionals="0" methods="2" coveredmethods="2"/>
      <file name="index.ts" path="/root/shawandpartners-backend-test/src/repositories/index.ts">
        <metrics statements="5" coveredstatements="5" conditionals="0" coveredconditionals="0" methods="2" coveredmethods="2"/>
        <line num="2" count="2" type="stmt"/>
        <line num="5" count="6" type="stmt"/>
        <line num="16" count="2" type="stmt"/>
        <line num="29" count="2" type="stmt"/>
        <line num="34" count="2" type="stmt"/>
      </file>
    </package>
    <package name="src.routes">
      <metrics statements="9" coveredstatements="9" conditionals="0" coveredconditionals="0" methods="0" coveredmethods="0"/>
      <file name="api.routes.ts" path="/root/shawandpartners-backend-test/src/routes/api.routes.ts">
        <metrics statements="9" coveredstatements="9" conditionals="0" coveredconditionals="0" methods="0" coveredmethods="0"/>
        <line num="1" count="2" type="stmt"/>
        <line num="2" count="2" type="stmt"/>
        <line num="3" count="2" type="stmt"/>
        <line num="4" count="2" type="stmt"/>
        <line num="5" count="2" type="stmt"/>
        <line num="7" count="2" type="stmt"/>
        <line num="9" count="2" type="stmt"/>
        <line num="11" count="2" type="stmt"/>
        <line num="15" count="2" type="stmt"/>
      </file>
    </package>
    <package name="src.services">
      <metrics statements="33" coveredstatements="33" conditionals="6" coveredconditionals="6" methods="2" coveredmethods="2"/>
      <file name="files.service.ts" path="/root/shawandpartners-backend-test/src/services/files.service.ts">
        <metrics statements="25" coveredstatements="25" conditionals="4" coveredconditionals="4" methods="1" coveredmethods="1"/>
        <line num="1" count="2" type="stmt"/>
        <line num="2" count="2" type="stmt"/>
        <line num="3" count="2" type="stmt"/>
        <line num="5" count="2" type="stmt"/>
        <line num="6" count="2" type="stmt"/>
        <line num="7" count="2" type="stmt"/>
        <line num="9" count="2" type="stmt"/>
        <line num="10" count="4" type="cond" truecount="1" falsecount="0"/>
        <line num="11" count="3" type="cond" truecount="1" falsecount="0"/>
        <line num="13" count="2" type="stmt"/>
        <line num="15" count="2" type="stmt"/>
        <line num="16" count="2" type="stmt"/>
        <line num="17" count="2" type="stmt"/>
        <line num="19" count="2" type="cond" truecount="1" falsecount="0"/>
        <line num="21" count="1" type="stmt"/>
        <line num="25" count="1" type="stmt"/>
        <line num="26" count="1" type="stmt"/>
        <line num="27" count="1" type="stmt"/>
        <line num="28" count="7" type="cond" truecount="1" falsecount="0"/>
        <line num="29" count="1" type="stmt"/>
        <line num="30" count="1" type="stmt"/>
        <line num="33" count="6" type="stmt"/>
        <line num="35" count="6" type="stmt"/>
        <line num="36" count="6" type="stmt"/>
        <line num="39" count="1" type="stmt"/>
      </file>
      <file name="users.service.ts" path="/root/shawandpartners-backend-test/src/services/users.service.ts">
        <metrics statements="8" coveredstatements="8" conditionals="2" coveredconditionals="2" methods="1" coveredmethods="1"/>
        <line num="1" count="2" type="stmt"/>
        <line num="2" count="2" type="stmt"/>
        <line num="3" count="2" type="stmt"/>
        <line num="5" count="2" type="stmt"/>
        <line num="6" count="3" type="cond" truecount="1" falsecount="0"/>
        <line num="8" count="2" type="stmt"/>
        <line num="9" count="2" type="cond" truecount="1" falsecount="0"/>
        <line num="11" count="1" type="stmt"/>
      </file>
    </package>
    <package name="tests.factories">
      <metrics statements="6" coveredstatements="6" conditionals="0" coveredconditionals="0" methods="2" coveredmethods="2"/>
      <file name="users.factory.ts" path="/root/shawandpartners-backend-test/tests/factories/users.factory.ts">
        <metrics statements="6" coveredstatements="6" conditionals="0" coveredconditionals="0" methods="2" coveredmethods="2"/>
        <line num="2" count="1" type="stmt"/>
        <line num="5" count="3" type="stmt"/>
        <line num="15" count="1" type="stmt"/>
        <line num="16" count="3" type="stmt"/>
        <line num="17" count="3" type="stmt"/>
        <line num="18" count="3" type="stmt"/>
      </file>
    </package>
  </project>
</coverage>
