TN:
SF:src/app.ts
FN:17,init
FN:22,close
FNF:2
FNH:2
FNDA:2,init
FNDA:2,close
DA:1,2
DA:2,2
DA:3,2
DA:4,2
DA:5,2
DA:6,2
DA:8,2
DA:10,2
DA:11,2
DA:17,2
DA:18,2
DA:19,2
DA:22,2
DA:23,2
DA:26,2
LF:15
LH:15
BRF:0
BRH:0
end_of_record
TN:
SF:src/config/database.ts
FN:5,connectDB
FN:9,disconnectDB
FNF:2
FNH:2
FNDA:2,connectDB
FNDA:2,disconnectDB
DA:1,2
DA:5,2
DA:6,2
DA:9,2
DA:10,2
LF:5
LH:5
BRF:0
BRH:0
end_of_record
TN:
SF:src/controllers/files.controller.ts
FN:5,postFile
FNF:1
FNH:1
FNDA:4,postFile
DA:2,2
DA:3,2
DA:5,2
DA:6,4
DA:8,4
DA:9,4
DA:10,1
DA:12,3
LF:8
LH:8
BRF:0
BRH:0
end_of_record
TN:
SF:src/controllers/users.controller.ts
FN:5,getUsers
FNF:1
FNH:1
FNDA:3,getUsers
DA:2,2
DA:3,2
DA:5,2
DA:6,3
DA:8,3
DA:9,3
DA:10,1
DA:12,2
LF:8
LH:8
BRF:0
BRH:0
end_of_record
TN:
SF:src/errors/empty-data.error.ts
FN:3,emptyDataError
FNF:1
FNH:1
FNDA:1,emptyDataError
DA:3,2
DA:4,1
LF:2
LH:2
BRF:0
BRH:0
end_of_record
TN:
SF:src/errors/empty-search.error.ts
FN:3,emptySearchError
FNF:1
FNH:1
FNDA:1,emptySearchError
DA:3,2
DA:4,1
LF:2
LH:2
BRF:0
BRH:0
end_of_record
TN:
SF:src/errors/file-not-found.error.ts
FN:3,fileNotFoundError
FNF:1
FNH:1
FNDA:1,fileNotFoundError
DA:3,2
DA:4,1
LF:2
LH:2
BRF:0
BRH:0
end_of_record
TN:
SF:src/errors/invalid-file.error.ts
FN:3,invalidFileError
FNF:1
FNH:1
FNDA:1,invalidFileError
DA:3,2
DA:4,1
LF:2
LH:2
BRF:0
BRH:0
end_of_record
TN:
SF:src/errors/invalid-term.error.ts
FN:3,invalidTermError
FNF:1
FNH:1
FNDA:1,invalidTermError
DA:3,2
DA:4,1
LF:2
LH:2
BRF:0
BRH:0
end_of_record
TN:
SF:src/middlewares/check-file.middleware.ts
FN:7,checkFile
FNF:1
FNH:0
FNDA:0,checkFile
DA:1,2
DA:3,2
DA:5,2
DA:7,2
DA:8,0
DA:9,0
DA:11,0
DA:12,0
DA:15,0
DA:17,0
LF:10
LH:4
BRDA:9,0,0,0
BRDA:11,1,0,0
BRDA:12,2,0,0
BRF:3
BRH:0
end_of_record
TN:
SF:src/middlewares/error-handling.middleware.ts
FN:6,(anonymous_1)
FN:12,(anonymous_2)
FN:19,(anonymous_3)
FN:26,(anonymous_4)
FN:33,(anonymous_5)
FN:40,(anonymous_6)
FN:48,handleApplicationErrors
FNF:7
FNH:6
FNDA:0,(anonymous_1)
FNDA:1,(anonymous_2)
FNDA:1,(anonymous_3)
FNDA:1,(anonymous_4)
FNDA:1,(anonymous_5)
FNDA:1,(anonymous_6)
FNDA:5,handleApplicationErrors
DA:3,2
DA:5,2
DA:7,0
DA:13,1
DA:20,1
DA:27,1
DA:34,1
DA:41,1
DA:48,2
DA:49,5
DA:50,5
DA:52,0
LF:12
LH:10
BRF:0
BRH:0
end_of_record
TN:
SF:src/repositories/index.ts
FN:4,createFile
FN:15,searchInFile
FNF:2
FNH:2
FNDA:6,createFile
FNDA:2,searchInFile
DA:2,2
DA:5,6
DA:16,2
DA:29,2
DA:34,2
LF:5
LH:5
BRF:0
BRH:0
end_of_record
TN:
SF:src/routes/api.routes.ts
FNF:0
FNH:0
DA:1,2
DA:2,2
DA:3,2
DA:4,2
DA:5,2
DA:7,2
DA:9,2
DA:11,2
DA:15,2
LF:9
LH:9
BRF:0
BRH:0
end_of_record
TN:
SF:src/services/files.service.ts
FN:9,createFile
FNF:1
FNH:1
FNDA:4,createFile
DA:1,2
DA:2,2
DA:3,2
DA:5,2
DA:6,2
DA:7,2
DA:9,2
DA:10,4
DA:11,3
DA:13,2
DA:15,2
DA:16,2
DA:17,2
DA:19,2
DA:21,1
DA:25,1
DA:26,1
DA:27,1
DA:28,7
DA:29,1
DA:30,1
DA:33,6
DA:35,6
DA:36,6
DA:39,1
LF:25
LH:25
BRDA:10,0,0,1
BRDA:11,1,0,1
BRDA:19,2,0,1
BRDA:28,3,0,1
BRF:4
BRH:4
end_of_record
TN:
SF:src/services/users.service.ts
FN:5,searchTerm
FNF:1
FNH:1
FNDA:3,searchTerm
DA:1,2
DA:2,2
DA:3,2
DA:5,2
DA:6,3
DA:8,2
DA:9,2
DA:11,1
LF:8
LH:8
BRDA:6,0,0,1
BRDA:9,1,0,1
BRF:2
BRH:2
end_of_record
TN:
SF:tests/factories/users.factory.ts
FN:4,generateUsers
FN:15,populateDB
FNF:2
FNH:2
FNDA:3,generateUsers
FNDA:3,populateDB
DA:2,1
DA:5,3
DA:15,1
DA:16,3
DA:17,3
DA:18,3
LF:6
LH:6
BRF:0
BRH:0
end_of_record
